Verify OK at     0x2bc0 i=0x1138 : a6 : df : 02 : 00 : 00 : 00 Packet: a6:3d:00:c0:2b:00:00:59:2f:d6:13:34:43:96:62:f1:90:f3:7b:67:50:61:52:cc:49:c8:97:d8:d3:eb:3d:73:93:71:8e:c9:a6:7b:61:35:7f:ef:d6:94:af:63:62:55:43:46:4b:e2:98:bd:5f:88:ee:fa:08:71:1a:e3:9e:45
Verify failed at 0x2bf8 i=0x1100 : a6 : df : 02 : 00 : f5 : 00 Packet: a6:3d:00:f8:2b:00:00:59:e2:63:ef:d0:f5:f7:3d:7a:d0:71:48:1f:3a:d7:44:f1:e0:2e:89:ea:68:f5:50:75:3f:1f:66:12:89:7b:a2:20:fc:22:88:85:92:da:03:f3:ea:82:50:54:f9:5b:46:97:30:09:09:d9:ae:8f:20:44
Verify failed at 0x2c30 i=0x10c8 : a6 : df : 02 : 00 : f5 : 00 Packet: a6:3d:00:30:2c:00:00:59:86:e5:c9:2c:9a:2b:79:e9:d8:27:95:0e:ec:95:bc:93:e8:dd:69:75:14:a5:b2:a2:d2:26:b3:bf:0f:a5:1b:6e:07:fd:40:b7:80:50:ba:fb:88:19:80:83:bd:a0:2d:fc:9f:06:c5:b5:ea:8a:a9:66
Verify failed at 0x2c68 i=0x1090 : a6 : df : 02 : 00 : f5 : 00 Packet: a6:3d:00:68:2c:00:00:59:48:b4:b9:eb:92:98:29:4f:b1:04:6d:11:3b:05:6d:4e:77:a3:8c:74:2d:93:99:5f:07:33:e1:dc:e8:2f:70:db:4a:e8:b8:51:bf:76:5b:b0:30:75:e0:60:30:a3:72:78:48:f4:1d:8e:e0:cc:d4:6e
Verify failed at 0x2ca0 i=0x1058 : a6 : df : 02 : 00 : f5 : 00 Packet: a6:3d:00:a0:2c:00:00:59:e1:33:76:b1:8c:b1:f0:d3:97:24:10:57:4f:98:c3:fe:9e:83:dd:45:a0:ef:2e:59:2d:74:20:6b:03:15:34:0e:2e:aa:63:63:ed:20:e8:d9:0e:35:49:c1:2b:db:7c:5e:1f:f8:c0:c5:5b:17:ce:bb
Verify failed at 0x2cd8 i=0x1020 : a6 : df : 02 : 00 : f5 : 00 Packet: a6:3d:00:d8:2c:00:00:59:43:7d:3d:60:f1:f2:f8:74:c2:05:ba:da:39:d7:09:df:19:2e:e8:cd:d0:c3:88:9b:47:5b:ab:85:02:3f:f8:b3:a4:c9:cb:cf:8c:0a:d7:32:86:c7:3b:20:ed:e7:03:93:78:5a:e6:52:16:e2:85:a6
Verify failed at 0x2d10 i=0x0fe8 : a6 : df : 02 : 00 : f5 : 00 Packet: a6:3d:00:10:2d:00:00:59:c0:63:ef:ae:ca:e4:95:41:56:d7:ca:13:e6:29:dd:72:19:1b:ba:5e:ca:de:b9:84:97:6c:f5:32:04:64:af:75:09:94:20:b9:2c:40:ac:66:26:5e:b8:af:09:eb:32:78:8c:04:06:f8:45:3f:cc:17
Verify failed at 0x2d48 i=0x0fb0 : a6 : df : 02 : 00 : f5 : 00 Packet: a6:3d:00:48:2d:00:00:59:4f:1d:58:1c:38:65:39:fa:fc:c2:fe:af:7b:ca:a5:d6:58:ef:7f:8a:b9:67:e1:fd:05:13:bc:26:60:82:df:b9:22:40:14:a1:36:bd:04:fc:fe:b6:0f:94:50:59:52:30:19:d6:4b:c4:72:ee:7f:ed
Verify failed at 0x2d80 i=0x0f78 : a6 : df : 02 : 00 : f5 : 00 Packet: a6:3d:00:80:2d:00:00:59:18:4a:6b:6a:5b:ca:82:84:88:2e:70:3d:a3:ee:e5:07:e0:1c:87:f3:1f:95:1c:2e:e6:0e:aa:16:85:1f:7f:45:36:d0:f8:1c:7f:e1:ad:62:67:8f:30:8b:b1:66:0c:32:7d:c3:bd:19:c7:29:cd:ac
Verify failed at 0x2db8 i=0x0f40 : a6 : df : 02 : 00 : f5 : 00 Packet: a6:3d:00:b8:2d:00:00:59:f8:a7:21:78:65:74:34:37:08:c8:28:bd:ee:4e:1c:3b:84:76:10:b9:0b:33:80:57:ea:78:31:7a:39:25:bc:5f:6e:ad:2a:2e:87:3a:b9:03:89:46:ca:5a:54:a7:bb:ed:a9:70:96:cb:26:65:8b:00
Verify failed at 0x2df0 i=0x0f08 : a6 : df : 02 : 00 : f5 : 00 Packet: a6:3d:00:f0:2d:00:00:59:01:91:86:ac:43:d9:fe:c3:6a:25:0e:92:b9:cc:a9:72:3e:4f:7d:c5:5a:aa:fa:5f:38:e3:5d:47:c0:e9:13:2d:c5:26:d7:45:78:97:aa:27:e8:08:de:73:54:76:ef:09:c7:ed:66:0e:64:b0:8f:2e
Verify failed at 0x2e28 i=0x0ed0 : a6 : df : 02 : 00 : f5 : 00 Packet: a6:3d:00:28:2e:00:00:59:54:1c:84:9b:c6:68:a1:ab:86:96:57:3b:b9:4c:03:36:e9:ac:39:22:0b:46:69:00:1a:12:3a:0d:04:46:61:0e:54:c3:7a:81:54:f6:61:4b:b0:00:b4:bd:47:10:de:9f:d8:54:fc:45:6f:d5:d0:08
Verify failed at 0x2e60 i=0x0e98 : a6 : df : 02 : 00 : f5 : 00 Packet: a6:3d:00:60:2e:00:00:59:c8:8e:fc:72:d8:54:7c:cd:c0:a1:f0:b7:b8:cf:a9:1a:c8:05:dd:4d:7a:09:ed:e8:7c:01:2d:26:38:e1:a4:a4:7c:fc:71:dd:5a:00:07:fc:6a:7a:40:36:c8:b5:08:c6:5f:bc:98:8b:ad:80:23:a8
Verify failed at 0x2e98 i=0x0e60 : a6 : df : 02 : 00 : f5 : 00 Packet: a6:3d:00:98:2e:00:00:59:f9:3e:ec:57:3a:69:23:09:32:c0:e3:28:e6:04:57:5e:20:96:1d:1f:54:24:6c:fb:94:8e:0c:16:25:87:43:52:1e:40:3f:34:3c:5d:f2:d4:4e:0d:e7:20:6e:72:a7:f0:89:e6:0a:ac:96:97:65:2a
Verify failed at 0x2ed0 i=0x0e28 : a6 : df : 02 : 00 : f5 : 00 Packet: a6:3d:00:d0:2e:00:00:59:5d:f8:39:1b:4d:14:e6:99:42:56:19:8f:c8:54:57:4a:5b:1c:dc:84:91:42:ce:c6:c0:e0:69:75:91:6f:15:90:96:5f:71:9a:1d:51:83:8f:1d:93:8d:be:c8:97:b1:2c:89:78:75:d0:c7:ae:00:c0
Verify failed at 0x2f08 i=0x0df0 : a6 : df : 02 : 00 : f5 : 00 Packet: a6:3d:00:08:2f:00:00:59:3b:61:52:3b:d3:64:4e:60:c9:b2:fb:c3:75:58:27:91:38:5c:91:9f:55:59:00:65:7b:8a:90:a6:a0:e6:e8:c6:08:11:91:7b:9e:9b:07:94:1f:99:9a:8e:d8:e2:80:91:4d:65:99:ef:22:6a:15:82
Verify failed at 0x2f40 i=0x0db8 : a6 : df : 02 : 00 : f5 : 00 Packet: a6:3d:00:40:2f:00:00:59:d0:fd:3b:4e:af:22:be:93:59:41:6d:6e:a4:40:62:e1:72:25:d0:7c:51:52:af:9d:6f:29:23:cf:ef:f6:a0:1c:87:02:dd:fc:37:bd:36:27:1e:e0:3a:29:ca:e7:02:d2:30:5a:7b:67:89:1f:08:a6
Verify failed at 0x2f78 i=0x0d80 : a6 : df : 02 : 00 : f5 : 00 Packet: a6:3d:00:78:2f:00:00:59:27:bb:83:0f:8e:1b:14:ed:b1:db:d2:6b:30:c3:74:a8:c8:f6:f5:f2:60:6e:76:38:22:d1:ef:8f:72:87:9d:48:37:39:39:7f:d0:eb:22:94:10:38:ce:6b:48:15:0c:a4:fe:d1:76:bc:32:e8:e8:f9
Verify failed at 0x2fb0 i=0x0d48 : a6 : df : 02 : 00 : f5 : 00 Packet: a6:3d:00:b0:2f:00:00:59:97:3a:e0:a4:72:08:92:fa:cf:4c:7c:37:72:5b:ac:43:53:bd:ac:de:20:7a:7b:c3:e5:13:0d:03:71:32:08:1a:fc:9d:af:ee:13:d8:20:95:2a:4b:f6:9a:72:f9:7c:2b:2f:0e:95:92:81:6f:23:ec
Verify failed at 0x2fe8 i=0x0d10 : a6 : df : 02 : 00 : f5 : 00 Packet: a6:3d:00:e8:2f:00:00:59:d5:a3:37:52:dd:3f:5f:16:c8:03:c9:41:b9:2d:e5:10:41:70:06:6d:d8:92:d1:00:c9:6a:10:b4:13:13:1a:66:7a:8c:45:a2:9d:6f:ca:9c:3b:b4:3f:0e:55:68:18:5a:ca:0f:f8:a7:3d:c7:d0:46
Verify failed at 0x3020 i=0x0cd8 : a6 : df : 02 : 00 : f5 : 00 Packet: a6:3d:00:20:30:00:00:59:bd:97:e8:02:47:aa:58:82:8c:5a:98:b6:c1:52:28:e8:51:8c:4f:9e:1d:e7:16:cc:db:f0:ef:b7:17:51:36:dd:83:6d:03:d5:d0:1a:f4:0a:2a:3d:6f:7f:a3:66:dd:5d:74:a5:b5:0e:32:83:69:7d
Verify failed at 0x3058 i=0x0ca0 : a6 : df : 02 : 00 : f5 : 00 Packet: a6:3d:00:58:30:00:00:59:24:13:07:8a:99:70:f6:cf:0c:12:9f:74:26:22:94:23:d5:77:ab:01:51:13:fc:c1:08:3c:a0:2e:20:40:73:be:1b:9e:43:70:9b:61:07:91:67:ec:69:fd:db:d2:3e:0a:82:35:06:a5:a6:1b:e4:8d
Verify failed at 0x3090 i=0x0c68 : a6 : df : 02 : 00 : f5 : 00 Packet: a6:3d:00:90:30:00:00:59:65:00:98:b7:4c:79:f2:0e:84:10:34:0d:90:35:27:2b:c3:82:ab:9a:38:2a:0f:c2:4a:dd:61:d8:de:8b:4b:e8:96:44:a2:7f:11:30:72:67:66:cf:58:c8:91:b6:5f:f6:45:06:8b:91:29:d2:95:0c
Verify failed at 0x30c8 i=0x0c30 : a6 : df : 02 : 00 : f5 : 00 Packet: a6:3d:00:c8:30:00:00:59:0f:9a:7a:b1:68:aa:6f:ae:d0:20:ec:04:1d:84:f5:92:23:6b:86:f1:18:53:35:c5:38:82:96:e7:f5:ba:32:41:17:9a:a7:6a:55:17:fe:de:19:20:a7:2c:b5:d4:0f:11:b1:7d:d3:94:a6:ba:96:af
Verify failed at 0x3100 i=0x0bf8 : a6 : df : 02 : 00 : f5 : 00 Packet: a6:3d:00:00:31:00:00:59:32:70:c8:06:ac:fb:1c:ff:e3:b8:9c:c1:97:8c:76:1a:e3:ed:c4:4c:1f:ab:c7:19:44:be:02:c3:b0:61:f1:3f:32:44:69:9e:30:c3:c8:c8:e2:b7:27:10:6d:6c:b2:94:ee:6c:d5:ea:1b:43:e9:04
Verify failed at 0x3138 i=0x0bc0 : a6 : df : 02 : 00 : f5 : 00 Packet: a6:3d:00:38:31:00:00:59:76:02:bb:25:c8:6c:02:8e:24:a4:48:a6:49:ac:df:00:d3:b4:36:4e:c5:de:32:55:16:72:74:52:6b:0c:9d:31:6f:c5:86:ba:b8:62:66:da:30:5c:21:e1:31:66:dd:19:a3:fc:41:90:e6:ac:88:e7
Verify failed at 0x3170 i=0x0b88 : a6 : df : 02 : 00 : f5 : 00 Packet: a6:3d:00:70:31:00:00:59:3c:11:df:a5:79:e5:43:3a:f3:82:f7:c8:07:c9:0e:71:a3:c3:71:aa:dc:66:ca:97:51:88:d5:36:6f:35:6e:b6:20:92:d0:3c:ec:38:68:66:b7:07:4a:b5:96:7d:e6:0d:b9:b3:d5:81:1e:4b:de:3f
Verify failed at 0x31a8 i=0x0b50 : a6 : df : 02 : 00 : f5 : 00 Packet: a6:3d:00:a8:31:00:00:59:1c:5f:95:9f:4a:3d:72:fa:7e:2c:e6:81:ab:fb:42:46:91:f9:8e:96:1f:de:c5:6b:28:2b:ae:61:95:1d:fb:89:0e:87:66:97:c4:1b:6e:7a:d6:88:4a:23:b7:ae:b5:a3:be:d7:32:15:12:36:db:7c
Verify failed at 0x31e0 i=0x0b18 : a6 : df : 02 : 00 : f5 : 00 Packet: a6:3d:00:e0:31:00:00:59:af:7c:fe:fa:12:f7:e5:3c:67:1e:01:83:95:c2:fe:ce:f2:10:d1:13:6e:f3:48:05:18:ed:a8:77:96:5d:b5:ab:af:75:ca:1a:b5:8b:8d:81:e7:76:c9:43:dc:56:85:93:01:97:3c:08:49:38:4c:db
Verify failed at 0x3218 i=0x0ae0 : a6 : df : 02 : 00 : f5 : 00 Packet: a6:3d:00:18:32:00:00:59:3f:0b:1a:4d:ba:1b:1d:d2:0e:49:8e:f6:85:87:64:da:1b:a5:d5:59:b8:ab:66:0a:bf:f2:02:92:ee:02:f4:a9:ef:a7:04:b5:b6:5b:66:c0:ff:12:11:0e:b8:b4:b4:10:8d:9a:ad:2b:f1:a3:6a:fd
Verify failed at 0x3250 i=0x0aa8 : a6 : df : 02 : 00 : f5 : 00 Packet: a6:3d:00:50:32:00:00:59:9a:64:52:0a:ab:16:3e:6b:fe:72:95:0e:67:e2:ce:5a:e1:b4:6e:9b:b1:bd:e0:e6:56:eb:e9:75:3a:03:df:83:ec:3e:3b:17:ca:59:eb:d9:8d:a4:b7:58:3e:a5:b1:8f:a2:47:df:50:06:b6:6e:76
Verify failed at 0x3288 i=0x0a70 : a6 : df : 02 : 00 : f5 : 00 Packet: a6:3d:00:88:32:00:00:59:8a:28:82:45:cb:b2:39:42:a1:8f:c5:02:e9:37:d9:31:8e:88:8a:32:b4:c8:da:22:c2:ab:4f:7b:89:c1:cc:7d:60:09:81:65:40:9f:ab:ed:21:7f:c0:d9:0a:63:97:32:ef:51:0c:28:a6:be:ec:90
Verify failed at 0x32c0 i=0x0a38 : a6 : df : 02 : 00 : f5 : 00 Packet: a6:3d:00:c0:32:00:00:59:10:61:a6:38:b4:30:85:88:75:32:89:fd:10:71:27:7e:cb:d5:c6:0a:19:15:45:81:77:5a:40:c6:8c:76:60:7e:41:9d:6f:7d:ac:ac:f0:80:13:21:bc:05:ba:d7:ab:c3:37:2c:e7:a1:0a:67:8a:21
Verify failed at 0x32f8 i=0x0a00 : a6 : df : 02 : 00 : f5 : 00 Packet: a6:3d:00:f8:32:00:00:59:9e:1c:cb:10:99:d5:9e:ab:ca:e4:25:b6:ef:6e:28:7f:ba:b6:f7:6d:58:3d:9a:11:2c:95:f8:02:5f:cc:fa:c9:81:7a:5a:ac:fd:a9:69:53:96:f4:87:45:fd:62:ff:23:1e:0b:24:e5:8d:3d:73:25
Verify failed at 0x3330 i=0x09c8 : a6 : df : 02 : 00 : f5 : 00 Packet: a6:3d:00:30:33:00:00:59:ec:89:4d:28:97:2c:97:d8:5b:ee:5e:ba:fd:4f:93:42:54:0a:88:af:6d:0c:68:7d:95:75:9e:23:e6:10:ea:72:14:cd:b8:f8:c8:71:d4:e1:c5:c3:23:7b:4d:cd:ec:b0:2c:8c:5f:10:1a:f4:83:d8
Verify failed at 0x3368 i=0x0990 : a6 : df : 02 : 00 : f5 : 00 Packet: a6:3d:00:68:33:00:00:59:c8:74:c6:1c:74:c0:16:bd:6b:05:1b:06:ea:8a:e8:41:5f:41:67:73:92:fa:81:d8:ee:0b:e1:11:61:0e:73:4f:73:31:05:1c:50:13:da:b0:6e:61:47:b0:94:a2:24:9a:d4:fc:64:53:2a:6c:02:fc
Verify failed at 0x33a0 i=0x0958 : a6 : df : 02 : 00 : f5 : 00 Packet: a6:3d:00:a0:33:00:00:59:90:fc:26:c9:d7:30:32:3d:71:72:a0:7b:53:4e:fd:d9:fa:cf:e7:f5:40:d8:e2:e1:21:29:7f:68:5a:f9:31:72:5c:38:2d:f5:92:3c:06:ac:30:64:62:52:97:28:1f:80:87:9e:93:e2:b0:90:46:c7
Verify failed at 0x33d8 i=0x0920 : a6 : df : 02 : 00 : f5 : 00 Packet: a6:3d:00:d8:33:00:00:59:67:27:c2:65:e4:9e:f3:4d:2c:9c:1f:c2:3c:d2:7a:62:5e:f4:4c:7a:e0:5d:3f:d7:aa:37:c0:82:c2:15:d3:99:34:d7:05:61:a9:6b:39:97:46:88:00:ff:1f:e8:06:23:e5:c3:e8:79:5a:34:37:2e
Verify failed at 0x3410 i=0x08e8 : a6 : df : 02 : 00 : f5 : 00 Packet: a6:3d:00:10:34:00:00:59:f6:aa:e7:01:48:58:6f:e4:65:53:42:7c:71:06:f2:18:fe:af:1a:a8:6b:fd:7a:48:5a:6a:d3:58:f3:ff:7e:e3:d9:f1:36:ac:d1:0f:c5:d9:0b:b3:dd:ec:17:0b:29:48:b4:50:77:e6:e6:ba:15:38
Verify failed at 0x3448 i=0x08b0 : a6 : df : 02 : 00 : f5 : 00 Packet: a6:3d:00:48:34:00:00:59:98:44:34:31:84:bb:86:bb:8c:c9:d8:39:2c:41:5e:ba:ee:4e:70:1f:38:01:2c:40:f7:35:81:26:6b:2e:96:f9:78:a1:d4:4e:f3:05:6f:14:5a:13:fa:96:21:56:d8:f0:34:03:64:65:e6:2d:5f:7d
Verify failed at 0x3480 i=0x0878 : a6 : df : 02 : 00 : f5 : 00 Packet: a6:3d:00:80:34:00:00:59:39:e7:bf:1e:31:51:3b:53:54:92:15:48:95:e9:9f:41:e4:8d:4a:29:76:0a:02:ee:09:16:19:c7:01:64:f0:02:91:63:14:93:7d:a8:f8:48:8c:d4:89:96:36:60:e5:aa:6c:61:88:8e:39:83:e0:15
Verify failed at 0x34b8 i=0x0840 : a6 : df : 02 : 00 : f5 : 00 Packet: a6:3d:00:b8:34:00:00:59:ac:78:83:86:91:93:09:4f:db:0c:83:0f:0d:20:23:9d:81:33:1a:10:ae:fd:5b:94:74:70:97:1f:e2:73:f9:6c:50:d3:46:d5:1c:c5:15:62:2c:8a:e7:fd:eb:9f:63:a4:8c:81:9e:73:87:59:1d:fc
Verify failed at 0x34f0 i=0x0808 : a6 : df : 02 : 00 : f5 : 00 Packet: a6:3d:00:f0:34:00:00:59:c1:76:74:11:30:52:b6:c2:eb:f6:7c:63:bc:48:0d:fb:16:f9:03:b6:44:b6:1d:5b:42:f5:12:4a:dd:53:b9:91:7c:89:ee:ce:f3:df:de:6e:2e:46:a3:b4:4e:a4:a4:00:1f:aa:ed:6c:e4:47:41:1c
Verify failed at 0x3528 i=0x07d0 : a6 : df : 02 : 00 : f5 : 00 Packet: a6:3d:00:28:35:00:00:59:4d:5e:de:22:e2:c3:27:81:22:bd:ac:82:6c:d7:e1:e2:6c:5b:48:ae:66:a9:b6:8a:67:4f:27:c6:c9:a1:d2:80:4a:d7:05:5d:4a:89:5c:13:e5:4e:9a:68:17:cc:22:2a:92:16:47:9e:69:de:cc:aa
Verify failed at 0x3560 i=0x0798 : a6 : df : 02 : 00 : f5 : 00 Packet: a6:3d:00:60:35:00:00:59:cf:2b:3e:76:26:65:a8:c8:6a:2e:d2:7f:01:73:ca:ad:c8:ce:3a:67:f0:b2:6c:80:a1:d6:0c:53:e0:46:a5:b6:a4:0b:c8:e2:13:22:57:6b:06:08:8c:1e:63:84:ae:60:31:ac:7f:4b:58:fb:35:43
Verify failed at 0x3598 i=0x0760 : a6 : df : 02 : 00 : f5 : 00 Packet: a6:3d:00:98:35:00:00:59:3b:ce:f4:f7:fd:79:51:94:24:c2:69:25:0e:ad:7e:b1:cc:2e:78:8e:50:72:fd:14:d2:b3:8e:06:7c:22:fa:73:e5:73:a0:cf:96:76:a9:d5:41:9f:50:e9:6e:1e:16:94:91:9d:22:64:ab:68:e1:dc
Verify failed at 0x35d0 i=0x0728 : a6 : df : 02 : 00 : f5 : 00 Packet: a6:3d:00:d0:35:00:00:59:fa:0a:08:94:c4:41:80:60:dc:4a:34:3b:ab:94:1e:32:1b:8b:3b:4e:d8:67:e1:fa:19:fc:77:a1:03:9d:11:ab:c6:e3:b8:8e:5a:d4:16:be:ec:1b:9f:9a:ad:b3:de:f7:cd:e5:3e:82:1c:bb:9a:b4
Verify failed at 0x3608 i=0x06f0 : a6 : df : 02 : 00 : f5 : 00 Packet: a6:3d:00:08:36:00:00:59:d2:b8:05:f0:62:84:03:a2:76:de:07:34:f3:d9:1d:56:9d:6f:84:ad:eb:8d:96:e8:94:0c:ba:af:14:be:d2:86:d8:30:95:7d:1e:a4:7e:2f:dd:25:8a:8d:7c:ce:2e:5a:bf:97:7b:22:48:cd:12:58
Verify failed at 0x3640 i=0x06b8 : a6 : df : 02 : 00 : f5 : 00 Packet: a6:3d:00:40:36:00:00:59:f3:ef:e7:8c:a9:a2:3f:e1:3c:ab:78:2b:aa:a6:d5:00:d0:64:7b:2f:fe:fb:91:3c:da:49:d3:e2:ba:48:82:72:42:5c:e9:93:89:9e:f3:57:05:c7:83:32:ab:56:d9:30:d1:c9:99:15:86:50:c3:fa
Verify failed at 0x3678 i=0x0680 : a6 : df : 02 : 00 : f5 : 00 Packet: a6:3d:00:78:36:00:00:59:a7:d7:31:fc:dd:a4:57:5d:b8:18:de:c9:68:52:dd:89:73:06:07:52:bd:a8:49:20:6e:c9:17:b3:71:34:63:63:4f:66:73:d0:3c:40:25:c0:71:f0:c3:c1:15:4f:6e:5f:62:e0:74:1f:c5:57:d1:b9
Verify failed at 0x36b0 i=0x0648 : a6 : df : 02 : 00 : f5 : 00 Packet: a6:3d:00:b0:36:00:00:59:ee:d8:92:4d:a5:5f:4f:93:43:d6:73:d8:7e:d4:87:ae:b5:5c:08:ec:27:5a:18:f6:69:7c:82:c8:d8:f5:a0:1c:5a:0f:81:ff:05:39:f0:2b:3d:0b:f4:45:85:b6:13:2f:f7:0b:c9:ec:b7:fd:a0:a2
Verify failed at 0x36e8 i=0x0610 : a6 : df : 02 : 00 : f5 : 00 Packet: a6:3d:00:e8:36:00:00:59:7a:1c:6d:24:83:b1:00:a5:28:f4:6b:fe:cb:88:d2:b6:c9:84:8b:69:eb:c5:20:a8:92:b8:4d:5e:42:b3:d9:1d:80:ad:b2:95:5b:34:d0:1e:42:33:ed:69:ac:c2:fb:33:72:5f:d3:79:a6:97:60:90
Verify failed at 0x3720 i=0x05d8 : a6 : df : 02 : 00 : f5 : 00 Packet: a6:3d:00:20:37:00:00:59:77:cc:d6:75:ef:d2:d2:56:5c:53:92:f3:34:f6:1c:b0:ce:1a:35:bd:33:ac:57:5c:d4:2f:ce:aa:23:eb:b8:ba:85:21:6f:14:10:37:bc:73:da:06:b0:52:19:aa:bb:e3:03:7a:f9:30:6a:17:0c:11
Verify failed at 0x3758 i=0x05a0 : a6 : df : 02 : 00 : f5 : 00 Packet: a6:3d:00:58:37:00:00:59:3d:d7:6d:6d:5a:9e:95:0d:9d:68:af:9a:4d:7b:43:f3:c3:5c:93:c0:28:d5:a6:54:74:15:ac:e3:0e:68:7f:ad:a4:5f:35:ed:15:28:1b:e5:de:aa:6a:19:b8:4a:bc:72:c2:43:cd:87:28:a6:86:ce
Verify failed at 0x3790 i=0x0568 : a6 : df : 02 : 00 : f5 : 00 Packet: a6:3d:00:90:37:00:00:59:fe:4c:fe:a5:dd:c5:bf:ce:88:bb:c7:e2:d2:fa:c4:0b:12:b6:c7:3e:76:0b:63:b8:7f:c1:a9:dc:af:5e:61:fd:4a:83:a3:56:dc:94:4d:b3:01:b4:c9:e9:2b:df:dc:e7:77:c8:19:c0:87:8a:c9:63
Verify failed at 0x37c8 i=0x0530 : a6 : df : 02 : 00 : f5 : 00 Packet: a6:3d:00:c8:37:00:00:59:2b:d8:0f:c1:54:db:99:c1:3c:e8:1b:40:52:06:1d:e3:94:7b:53:03:cc:56:5f:b9:dd:a0:cc:4e:27:4f:6a:39:af:5c:b3:72:2a:bd:5c:76:33:1d:4d:ed:5f:4f:b8:d9:4e:3c:b9:78:c5:24:38:02
Verify failed at 0x3800 i=0x04f8 : a6 : df : 02 : 00 : f5 : 00 Packet: a6:3d:00:00:38:00:00:59:1a:ec:de:29:93:7d:6f:2c:78:ff:1c:3b:cd:2f:67:57:75:29:fc:2a:a5:42:48:e4:3c:b6:de:46:ac:16:39:6f:b6:68:cd:76:f9:c2:7d:73:c4:c3:1f:57:23:d5:f5:4f:15:55:24:28:41:ce:8a:c5
Verify failed at 0x3838 i=0x04c0 : a6 : df : 02 : 00 : f5 : 00 Packet: a6:3d:00:38:38:00:00:59:9e:f9:fa:f7:79:53:ae:de:88:5b:42:b6:84:37:c6:66:60:6f:ad:47:b9:f9:41:73:58:a3:3d:49:94:a0:aa:1b:16:89:9d:e9:7c:c5:0a:70:43:47:cf:15:37:dc:51:a5:01:00:6a:b9:bb:37:7c:44
Verify failed at 0x3870 i=0x0488 : a6 : df : 02 : 00 : f5 : 00 Packet: a6:3d:00:70:38:00:00:59:1a:7b:af:e4:6a:17:3d:ad:e5:2d:e3:0d:97:16:3d:3c:e3:eb:bd:42:e3:92:ee:64:4f:72:fe:9f:0b:fe:c6:e8:af:8b:04:78:a1:92:93:de:e6:ca:eb:b4:3d:13:78:70:c7:e5:0b:54:40:d6:b6:a0
Verify failed at 0x38a8 i=0x0450 : a6 : df : 02 : 00 : f5 : 00 Packet: a6:3d:00:a8:38:00:00:59:21:60:ce:03:0e:47:30:50:50:11:70:7c:a3:20:7e:5e:3b:80:82:44:9a:e7:03:3d:9a:ec:9d:9a:a8:16:a9:f7:1e:09:b6:93:2f:f2:aa:e2:ab:29:62:3d:83:5f:49:25:a9:f1:fe:4c:a0:50:a5:09
Verify failed at 0x38e0 i=0x0418 : a6 : df : 02 : 00 : f5 : 00 Packet: a6:3d:00:e0:38:00:00:59:32:e4:a9:49:48:01:d5:3c:0a:c8:85:6b:0e:7d:5b:25:12:6e:35:b8:53:68:cc:92:c4:f7:c0:f3:8b:dc:bf:ea:48:fe:45:61:eb:17:1b:a8:88:30:cb:b5:19:70:6d:34:89:68:fe:9b:ef:34:14:2b
Verify failed at 0x3918 i=0x03e0 : a6 : df : 02 : 00 : f5 : 00 Packet: a6:3d:00:18:39:00:00:59:4d:da:e5:89:40:c6:c6:51:11:93:ce:8d:55:ff:0e:f9:88:ef:7c:17:fb:49:e8:4a:25:94:13:b4:9b:b1:61:f8:81:f4:f7:a3:d6:22:e6:7b:52:86:14:15:8e:26:9e:b3:e7:c5:ca:18:7f:11:4b:0f
Verify failed at 0x3950 i=0x03a8 : a6 : df : 02 : 00 : f5 : 00 Packet: a6:3d:00:50:39:00:00:59:cc:27:e5:3e:10:5a:78:df:31:ec:95:b6:66:12:3f:b2:28:08:0d:b8:c5:cd:96:97:df:d6:23:5c:dd:28:62:b8:1a:f4:04:ec:b5:7f:af:9c:f8:00:09:14:5d:af:00:dd:42:73:87:f6:e4:c2:70:86
Verify failed at 0x3988 i=0x0370 : a6 : df : 02 : 00 : f5 : 00 Packet: a6:3d:00:88:39:00:00:59:d2:10:e5:83:2c:d1:0b:b0:09:87:d6:4f:a7:4f:88:34:14:0d:97:48:ae:60:97:97:0b:13:ec:0c:3c:b6:82:d7:86:90:ca:3f:5b:f3:16:59:65:6b:bf:02:e5:7f:d6:af:f8:37:2f:27:17:98:f2:d9
Verify failed at 0x39c0 i=0x0338 : a6 : df : 02 : 00 : f5 : 00 Packet: a6:3d:00:c0:39:00:00:59:e8:37:8d:98:9e:02:c5:db:4a:d6:24:59:b6:25:36:56:6d:54:60:ff:98:b7:76:81:9f:ef:42:44:fb:4f:85:0d:63:e2:2c:33:12:c0:3e:b4:df:14:8a:f5:55:a4:15:48:98:69:4b:aa:db:3a:f6:02
Verify failed at 0x39f8 i=0x0300 : a6 : df : 02 : 00 : f5 : 00 Packet: a6:3d:00:f8:39:00:00:59:02:e4:f8:d9:62:07:b3:11:5a:41:ba:68:6d:a9:c9:66:44:85:a9:38:8c:27:83:10:a8:87:f4:93:43:85:5f:36:fb:f1:c0:4f:02:76:f8:9f:cf:61:8a:35:61:6b:d2:67:61:c5:28:31:5e:1d:08:34
Verify failed at 0x3a30 i=0x02c8 : a6 : df : 02 : 00 : f5 : 00 Packet: a6:3d:00:30:3a:00:00:59:4a:68:5c:d6:f3:8c:07:8e:1f:02:00:cc:32:90:23:d2:c6:96:9b:40:09:ee:ca:61:b0:2d:95:15:4e:2d:bc:e6:43:36:26:00:f9:51:87:fe:28:55:ae:b2:92:75:6e:91:d4:5c:37:69:22:67:b4:b7
Verify failed at 0x3a68 i=0x0290 : a6 : df : 02 : 00 : f5 : 00 Packet: a6:3d:00:68:3a:00:00:59:f8:13:d5:36:b0:58:a5:2f:ce:68:51:25:50:e1:a0:2c:eb:8f:58:b4:78:45:0e:18:a6:50:7c:29:83:12:f2:f6:e7:e8:cc:c5:87:43:0d:13:63:94:09:ba:ee:79:35:03:58:3e:8c:03:55:40:ba:7d
Verify failed at 0x3aa0 i=0x0258 : a6 : df : 02 : 00 : f5 : 00 Packet: a6:3d:00:a0:3a:00:00:59:60:ca:b7:bd:54:97:e8:82:e9:44:48:1a:c9:8f:e1:b1:53:71:86:fc:5a:53:c5:08:23:24:74:10:b0:15:e8:2e:31:6f:9f:5e:49:92:9e:fb:fa:dd:25:fa:aa:f9:f0:3f:fb:90:16:65:e8:26:b2:17
Verify failed at 0x3ad8 i=0x0220 : a6 : df : 02 : 00 : f5 : 00 Packet: a6:3d:00:d8:3a:00:00:59:6c:f5:e7:de:2f:32:44:cd:bf:7d:13:dc:c5:8b:3a:57:0b:0b:a2:e0:4a:7d:38:91:64:4e:16:ae:f1:ed:6c:64:33:61:14:fc:33:2c:d6:5a:f4:d9:4f:8e:a1:66:82:cb:5f:a2:01:09:9b:3d:56:06
Verify failed at 0x3b10 i=0x01e8 : a6 : df : 02 : 00 : f5 : 00 Packet: a6:3d:00:10:3b:00:00:59:a7:97:23:2f:32:b7:3a:78:44:c0:58:a4:1d:b2:0c:3f:12:62:97:2a:46:02:cf:60:9e:b8:61:1f:0d:aa:46:c0:a8:30:39:f2:3a:6e:79:b4:df:ba:28:a0:90:3b:48:2d:c3:5d:a6:ed:f2:1e:68:ee
Verify failed at 0x3b48 i=0x01b0 : a6 : df : 02 : 00 : f5 : 00 Packet: a6:3d:00:48:3b:00:00:59:cf:b9:6d:8e:04:c6:49:13:d7:f1:62:35:ed:5c:eb:11:84:b1:10:50:02:08:b5:78:44:51:4c:a8:78:75:80:5c:50:bf:4e:3c:0a:fb:74:0a:42:21:eb:39:90:ea:ce:75:af:20:0f:7c:74:fe:70:c7
Verify failed at 0x3b80 i=0x0178 : a6 : df : 02 : 00 : f5 : 00 Packet: a6:3d:00:80:3b:00:00:59:d8:f2:70:f8:5d:f8:66:81:59:d4:d1:8a:d8:68:24:6a:78:ab:aa:d3:31:7a:45:5b:8f:92:bc:60:ec:8b:70:e7:a3:2b:08:92:8e:d4:43:c0:f0:dd:25:a0:de:0d:f9:fe:7d:37:68:04:49:f5:58:2d
Verify failed at 0x3bb8 i=0x0140 : a6 : df : 02 : 00 : f5 : 00 Packet: a6:3d:00:b8:3b:00:00:59:c9:1d:36:83:f1:a2:21:28:a4:bb:ff:96:ca:01:96:ec:38:ac:f8:73:65:72:6d:de:58:02:36:48:15:f4:04:5b:42:c8:3c:8b:27:11:5e:4d:ad:bb:63:ff:2b:49:7e:af:71:03:9c:a6:11:b9:ed:e0
Verify failed at 0x3bf0 i=0x0108 : a6 : df : 02 : 00 : f5 : 00 Packet: a6:3d:00:f0:3b:00:00:59:8c:cf:2e:3b:df:04:a9:60:29:ac:93:36:05:b5:41:06:d3:20:4f:5a:e0:4e:7a:0d:b8:ba:b8:99:9f:09:c4:39:c8:1b:12:5e:b7:4a:1e:f2:4e:1e:c0:31:39:9e:14:67:aa:97:8f:44:41:f6:c7:a3
Verify failed at 0x3c28 i=0x00d0 : a6 : df : 02 : 00 : f5 : 00 Packet: a6:3d:00:28:3c:00:00:59:b9:a0:91:52:be:e8:1c:86:ff:bd:90:81:4a:5e:6a:6b:8e:0e:19:56:e5:1b:aa:93:01:82:b0:3f:20:4a:08:d0:99:ef:da:23:ad:d1:56:ed:f8:cf:1b:f4:86:75:9f:b1:a7:2f:22:87:07:a4:de:60
Verify failed at 0x3c60 i=0x0098 : a6 : df : 02 : 00 : f5 : 00 Packet: a6:3d:00:60:3c:00:00:59:89:79:fa:01:66:ad:41:d0:0b:aa:be:ce:79:b0:1b:2f:a8:7f:8c:ea:cf:a2:e0:00:3c:91:b7:fb:f6:af:59:a1:f2:24:a3:16:59:5d:8b:29:08:27:6c:77:7c:ac:b5:fa:72:4c:f6:d4:c9:7c:04:da
Verify failed at 0x3c98 i=0x0060 : a6 : df : 02 : 00 : f5 : 00 Packet: a6:3d:00:98:3c:00:00:59:03:f8:92:1d:68:b8:9e:b9:62:40:3b:58:5f:6c:91:3d:b0:1f:b1:03:b0:c1:83:c2:8d:ba:f2:f2:d1:97:f2:8e:38:0d:45:ca:d6:89:62:8e:63:27:10:cd:5e:45:31:59:e4:9d:93:eb:d2:54:43:11
Verify failed at 0x3cd0 i=0x0028 : a6 : df : 02 : 00 : f5 : 00 Packet: a6:2d:00:d0:3c:00:00:59:35:35:39:20:74:65:73:2d:0d:0a:00:72:6e:64:61:2d:61:5b:25:64:5d:20:3d:79:25:64:0d:0a:00:3c:4e:16:20:46:4c:4f:41:54:3e:59:00:00:00:00:00:00:00:00:00:00:00:00:00:00:00:00
